<?xml version="1.0" encoding="UTF-8"?>
<testng-results skipped="0" failed="1" ignored="6" total="7" passed="0">
  <reporter-output>
  </reporter-output>
  <suite name="TestSuite" duration-ms="27152" started-at="2019-12-11T16:00:41 IST" finished-at="2019-12-11T16:01:08 IST">
    <groups>
    </groups>
    <test name="TestClass" duration-ms="27152" started-at="2019-12-11T16:00:41 IST" finished-at="2019-12-11T16:01:08 IST">
      <class name="example.SecondNg">
        <test-method status="PASS" signature="beforesuite()[pri:0, instance:example.SecondNg@23e028a9]" name="beforesuite" is-config="true" duration-ms="21" started-at="2019-12-11T16:00:41 IST" finished-at="2019-12-11T16:00:41 IST">
          <reporter-output>
          </reporter-output>
        </test-method> <!-- beforesuite -->
        <test-method status="PASS" signature="beforetest()[pri:0, instance:example.SecondNg@23e028a9]" name="beforetest" is-config="true" duration-ms="0" started-at="2019-12-11T16:00:41 IST" finished-at="2019-12-11T16:00:41 IST">
          <reporter-output>
          </reporter-output>
        </test-method> <!-- beforetest -->
        <test-method status="PASS" signature="beforeclass()[pri:0, instance:example.SecondNg@23e028a9]" name="beforeclass" is-config="true" duration-ms="0" started-at="2019-12-11T16:00:41 IST" finished-at="2019-12-11T16:00:41 IST">
          <reporter-output>
          </reporter-output>
        </test-method> <!-- beforeclass -->
        <test-method status="PASS" signature="beforemethod()[pri:0, instance:example.SecondNg@23e028a9]" name="beforemethod" is-config="true" duration-ms="0" started-at="2019-12-11T16:00:41 IST" finished-at="2019-12-11T16:00:41 IST">
          <reporter-output>
          </reporter-output>
        </test-method> <!-- beforemethod -->
        <test-method status="FAIL" signature="Launchapplication()[pri:0, instance:example.SecondNg@23e028a9]" name="Launchapplication" duration-ms="27100" started-at="2019-12-11T16:00:41 IST" finished-at="2019-12-11T16:01:08 IST">
          <exception class="org.openqa.selenium.NoSuchElementException">
            <message>
              <![CDATA[no such element: Unable to locate element: {"method":"xpath","selector":"//i[@class='settings icon' and @aria-hidden='true']/parent::div"}
  (Session info: chrome=78.0.3904.108)
For documentation on this error, please visit: https://www.seleniumhq.org/exceptions/no_such_element.html
Build info: version: '3.141.59', revision: 'e82be7d358', time: '2018-11-14T08:25:53'
System info: host: 'DESKTOP-Q8V4QAS', ip: '192.168.43.204', os.name: 'Windows 10', os.arch: 'amd64', os.version: '10.0', java.version: '1.8.0_221'
Driver info: org.openqa.selenium.chrome.ChromeDriver
Capabilities {acceptInsecureCerts: false, browserName: chrome, browserVersion: 78.0.3904.108, chrome: {chromedriverVersion: 78.0.3904.70 (edb9c9f3de024..., userDataDir: C:\Users\Ashok\AppData\Loca...}, goog:chromeOptions: {debuggerAddress: localhost:60310}, javascriptEnabled: true, networkConnectionEnabled: false, pageLoadStrategy: normal, platform: XP, platformName: XP, proxy: Proxy(), setWindowRect: true, strictFileInteractability: false, timeouts: {implicit: 0, pageLoad: 300000, script: 30000}, unhandledPromptBehavior: dismiss and notify}
Session ID: 2d075e15fc7ba7ac45d45507c73163b5
*** Element info: {Using=xpath, value=//i[@class='settings icon' and @aria-hidden='true']/parent::div}]]>
            </message>
            <full-stacktrace>
              <![CDATA[org.openqa.selenium.NoSuchElementException: no such element: Unable to locate element: {"method":"xpath","selector":"//i[@class='settings icon' and @aria-hidden='true']/parent::div"}
  (Session info: chrome=78.0.3904.108)
For documentation on this error, please visit: https://www.seleniumhq.org/exceptions/no_such_element.html
Build info: version: '3.141.59', revision: 'e82be7d358', time: '2018-11-14T08:25:53'
System info: host: 'DESKTOP-Q8V4QAS', ip: '192.168.43.204', os.name: 'Windows 10', os.arch: 'amd64', os.version: '10.0', java.version: '1.8.0_221'
Driver info: org.openqa.selenium.chrome.ChromeDriver
Capabilities {acceptInsecureCerts: false, browserName: chrome, browserVersion: 78.0.3904.108, chrome: {chromedriverVersion: 78.0.3904.70 (edb9c9f3de024..., userDataDir: C:\Users\Ashok\AppData\Loca...}, goog:chromeOptions: {debuggerAddress: localhost:60310}, javascriptEnabled: true, networkConnectionEnabled: false, pageLoadStrategy: normal, platform: XP, platformName: XP, proxy: Proxy(), setWindowRect: true, strictFileInteractability: false, timeouts: {implicit: 0, pageLoad: 300000, script: 30000}, unhandledPromptBehavior: dismiss and notify}
Session ID: 2d075e15fc7ba7ac45d45507c73163b5
*** Element info: {Using=xpath, value=//i[@class='settings icon' and @aria-hidden='true']/parent::div}
at sun.reflect.NativeConstructorAccessorImpl.newInstance0(Native Method)
at sun.reflect.NativeConstructorAccessorImpl.newInstance(Unknown Source)
at sun.reflect.DelegatingConstructorAccessorImpl.newInstance(Unknown Source)
at java.lang.reflect.Constructor.newInstance(Unknown Source)
at org.openqa.selenium.remote.http.W3CHttpResponseCodec.createException(W3CHttpResponseCodec.java:187)
at org.openqa.selenium.remote.http.W3CHttpResponseCodec.decode(W3CHttpResponseCodec.java:122)
at org.openqa.selenium.remote.http.W3CHttpResponseCodec.decode(W3CHttpResponseCodec.java:49)
at org.openqa.selenium.remote.HttpCommandExecutor.execute(HttpCommandExecutor.java:158)
at org.openqa.selenium.remote.service.DriverCommandExecutor.execute(DriverCommandExecutor.java:83)
at org.openqa.selenium.remote.RemoteWebDriver.execute(RemoteWebDriver.java:552)
at org.openqa.selenium.remote.RemoteWebDriver.findElement(RemoteWebDriver.java:323)
at org.openqa.selenium.remote.RemoteWebDriver.findElementByXPath(RemoteWebDriver.java:428)
at org.openqa.selenium.By$ByXPath.findElement(By.java:353)
at org.openqa.selenium.remote.RemoteWebDriver.findElement(RemoteWebDriver.java:315)
at example.SecondNg.Launchapplication(SecondNg.java:25)
at sun.reflect.NativeMethodAccessorImpl.invoke0(Native Method)
at sun.reflect.NativeMethodAccessorImpl.invoke(Unknown Source)
at sun.reflect.DelegatingMethodAccessorImpl.invoke(Unknown Source)
at java.lang.reflect.Method.invoke(Unknown Source)
at org.testng.internal.MethodInvocationHelper.invokeMethod(MethodInvocationHelper.java:133)
at org.testng.internal.TestInvoker.invokeMethod(TestInvoker.java:584)
at org.testng.internal.TestInvoker.invokeTestMethod(TestInvoker.java:172)
at org.testng.internal.MethodRunner.runInSequence(MethodRunner.java:46)
at org.testng.internal.TestInvoker$MethodInvocationAgent.invoke(TestInvoker.java:804)
at org.testng.internal.TestInvoker.invokeTestMethods(TestInvoker.java:145)
at org.testng.internal.TestMethodWorker.invokeTestMethods(TestMethodWorker.java:146)
at org.testng.internal.TestMethodWorker.run(TestMethodWorker.java:128)
at java.util.ArrayList.forEach(Unknown Source)
at org.testng.TestRunner.privateRun(TestRunner.java:770)
at org.testng.TestRunner.run(TestRunner.java:591)
at org.testng.SuiteRunner.runTest(SuiteRunner.java:402)
at org.testng.SuiteRunner.runSequentially(SuiteRunner.java:396)
at org.testng.SuiteRunner.privateRun(SuiteRunner.java:355)
at org.testng.SuiteRunner.run(SuiteRunner.java:304)
at org.testng.SuiteRunnerWorker.runSuite(SuiteRunnerWorker.java:53)
at org.testng.SuiteRunnerWorker.run(SuiteRunnerWorker.java:96)
at org.testng.TestNG.runSuitesSequentially(TestNG.java:1180)
at org.testng.TestNG.runSuitesLocally(TestNG.java:1102)
at org.testng.TestNG.runSuites(TestNG.java:1032)
at org.testng.TestNG.run(TestNG.java:1000)
at org.testng.remote.AbstractRemoteTestNG.run(AbstractRemoteTestNG.java:115)
at org.testng.remote.RemoteTestNG.initAndRun(RemoteTestNG.java:251)
at org.testng.remote.RemoteTestNG.main(RemoteTestNG.java:77)
]]>
            </full-stacktrace>
          </exception> <!-- org.openqa.selenium.NoSuchElementException -->
          <reporter-output>
          </reporter-output>
        </test-method> <!-- Launchapplication -->
        <test-method status="PASS" signature="aftermethod()[pri:0, instance:example.SecondNg@23e028a9]" name="aftermethod" is-config="true" duration-ms="0" started-at="2019-12-11T16:01:08 IST" finished-at="2019-12-11T16:01:08 IST">
          <reporter-output>
          </reporter-output>
        </test-method> <!-- aftermethod -->
        <test-method status="PASS" signature="afterclass()[pri:0, instance:example.SecondNg@23e028a9]" name="afterclass" is-config="true" duration-ms="0" started-at="2019-12-11T16:01:08 IST" finished-at="2019-12-11T16:01:08 IST">
          <reporter-output>
          </reporter-output>
        </test-method> <!-- afterclass -->
        <test-method status="PASS" signature="aftertest()[pri:0, instance:example.SecondNg@23e028a9]" name="aftertest" is-config="true" duration-ms="0" started-at="2019-12-11T16:01:08 IST" finished-at="2019-12-11T16:01:08 IST">
          <reporter-output>
          </reporter-output>
        </test-method> <!-- aftertest -->
        <test-method status="PASS" signature="aftersuite()[pri:0, instance:example.SecondNg@23e028a9]" name="aftersuite" is-config="true" duration-ms="0" started-at="2019-12-11T16:01:08 IST" finished-at="2019-12-11T16:01:08 IST">
          <reporter-output>
          </reporter-output>
        </test-method> <!-- aftersuite -->
      </class> <!-- example.SecondNg -->
    </test> <!-- TestClass -->
  </suite> <!-- TestSuite -->
</testng-results>
